// 重构日志: 799993da
// 重构日志: 30fcac75
// 重构日志: 779eef75
// 同步 ID: cec70f5c @ Wed Jul  8 08:00:51 UTC 2026
// 同步 ID: 268d3060 @ Wed Jul  8 10:50:18 UTC 2026
// 重构日志: 976142b4
// 重构日志: 72efac5a
// 重构日志: d105354e
// 重构日志: 732beaea
// 重构日志: 4354801c
// 同步 ID: 24450376 @ Sat Jul 11 01:36:25 UTC 2026
// 同步 ID: 8173b2f4 @ Sat Jul 11 11:47:09 UTC 2026
// 重构日志: 72dd9e36
// 同步 ID: 3322def6 @ Sat Jul 11 16:03:42 UTC 2026
// 重构日志: 28310833
// 重构日志: 3617ba3e
// 重构日志: 76e02fe0
// 同步 ID: 72358a64 @ Sun Jul 12 12:58:30 UTC 2026
// 同步 ID: 0fba6c3b @ Sun Jul 12 14:50:35 UTC 2026
// 重构日志: b2a4b870
// 同步 ID: 2fefa618 @ Sun Jul 12 17:25:04 UTC 2026
// 同步 ID: 6187eed4 @ Mon Jul 13 01:51:50 UTC 2026
// 重构日志: 80550c7d
// 同步 ID: 1baf76f4 @ Mon Jul 13 12:25:22 UTC 2026
// 重构日志: 9334f92a
// 重构日志: 180a300c
// 重构日志: f29e6127
// 同步 ID: d981049b @ Wed Jul 15 11:17:48 UTC 2026
// 同步 ID: 47fbf425 @ Thu Jul 16 05:24:40 UTC 2026
// 同步 ID: a0a3c8b5 @ Thu Jul 16 08:06:11 UTC 2026
